<?xml version="1.0" encoding="UTF-8"?>
<!-- Generated by org.testng.reporters.JUnitReportReporter -->
<testsuite hostname="Anayra" failures="0" tests="1" name="DeleteTest" time="1.402" errors="0" timestamp="2024-03-20T15:12:08 EDT" skipped="0">
  <testcase classname="DeleteTest" name="Deleterequest" time="1.402"/>
</testsuite> <!-- DeleteTest -->
