<?xml version="1.0" encoding="UTF-8"?>
<!-- Generated by org.testng.reporters.JUnitReportReporter -->
<testsuite hostname="Anayra" failures="0" tests="1" name="GetAndPostExample" time="1.479" errors="0" timestamp="2024-03-20T14:54:45 EDT" skipped="0">
  <testcase classname="GetAndPostExample" name="testPost" time="1.479"/>
</testsuite> <!-- GetAndPostExample -->
