<?xml version="1.0" encoding="UTF-8"?>
<!-- Generated by org.testng.reporters.JUnitReportReporter -->
<testsuite hostname="Anayra" failures="0" tests="1" name="PutTest" time="1.378" errors="0" timestamp="2024-03-20T15:07:37 EDT" skipped="0">
  <testcase classname="PutTest" name="Putrequest" time="1.378"/>
</testsuite> <!-- PutTest -->
