<?xml version="1.0" encoding="UTF-8"?>
<!-- Generated by org.testng.reporters.JUnitReportReporter -->
<testsuite hostname="Anayra" failures="0" tests="1" name="TestOnLocalAPI" time="0.878" errors="0" timestamp="2024-03-21T14:40:10 EDT" skipped="0">
  <testcase classname="TestOnLocalAPI" name="DeleteRequest" time="0.878"/>
</testsuite> <!-- TestOnLocalAPI -->
