<?xml version="1.0" encoding="UTF-8"?>
<!-- Generated by org.testng.reporters.JUnitReportReporter -->
<testsuite hostname="Anayra" failures="0" tests="2" name="GETRequest1" time="2.010" errors="0" timestamp="2024-03-20T14:16:28 EDT" skipped="0">
  <testcase classname="GETRequest1" name="Test1" time="1.294"/>
  <testcase classname="GETRequest1" name="Test2" time="0.716"/>
</testsuite> <!-- GETRequest1 -->
