<?xml version="1.0" encoding="UTF-8"?>
<!-- Generated by org.testng.reporters.JUnitReportReporter -->
<testsuite hostname="Anayra" failures="0" tests="1" name="POSTRequest" time="1.534" errors="0" timestamp="2024-03-20T15:06:09 EDT" skipped="0">
  <testcase classname="POSTRequest" name="Postreq" time="1.534"/>
</testsuite> <!-- POSTRequest -->
