<?xml version="1.0" encoding="UTF-8"?>
<!-- Generated by org.testng.reporters.JUnitReportReporter -->
<testsuite hostname="Anayra" failures="0" tests="1" name="PatchTest" time="1.428" errors="0" timestamp="2024-03-20T15:10:11 EDT" skipped="0">
  <testcase classname="PatchTest" name="Patchrequest" time="1.428"/>
</testsuite> <!-- PatchTest -->
