<?xml version="1.0" encoding="UTF-8"?>
<!-- Generated by org.testng.reporters.JUnitReportReporter -->
<testsuite hostname="Anayra" failures="0" tests="1" name="ValidateJsonSchema" time="1.954" errors="0" timestamp="2024-03-21T15:16:36 EDT" skipped="0">
  <testcase classname="ValidateJsonSchema" name="Getrequest" time="1.954"/>
</testsuite> <!-- ValidateJsonSchema -->
