<?xml version="1.0" encoding="UTF-8"?>
<!-- Generated by org.testng.reporters.JUnitReportReporter -->
<testsuite hostname="Anayra" failures="0" tests="1" name="SoapXMLRequest" time="2.024" errors="0" timestamp="2024-03-22T14:22:14 EDT" skipped="0">
  <testcase classname="SoapXMLRequest" name="ValidateSoapXML" time="2.024"/>
</testsuite> <!-- SoapXMLRequest -->
